0	19:44:01.528	Compiling 'MACD Sample'
0	19:44:01.528	Compiling 'Moving Average'
0	19:44:04.779	Compiling 'Accelerator'
0	19:44:04.779	Compiling 'Accumulation'
0	19:44:04.779	Compiling 'Alligator'
0	19:44:04.779	Compiling 'ATR'
0	19:44:04.779	Compiling 'Awesome'
0	19:44:04.779	Compiling 'Bands'
0	19:44:04.780	Compiling 'Bears'
0	19:44:04.780	Compiling 'Bulls'
0	19:44:04.780	Compiling 'CCI'
0	19:44:04.780	Compiling 'Custom Moving Averages'
0	19:44:04.780	Compiling 'Heiken Ashi'
0	19:44:04.780	Compiling 'Ichimoku'
0	19:44:04.781	Compiling 'iExposure'
0	19:44:04.781	Compiling 'MACD'
0	19:44:04.781	Compiling 'Momentum'
0	19:44:04.781	Compiling 'OsMA'
0	19:44:04.781	Compiling 'Parabolic'
0	19:44:04.781	Compiling 'RSI'
0	19:44:04.781	Compiling 'Stochastic'
0	19:44:04.781	Compiling 'ZigZag'
0	19:44:04.781	Compiling 'SimplePanel'
0	19:44:16.209	Compiling 'PeriodConverter'
0	19:44:16.210	Compiling 'DLLSampleTester'
0	19:44:16.210	Compiling 'PipeClient'
0	19:44:16.211	Compiling 'PipeClientPure'
0	19:44:18.827	Compiling 'stdlib'
0	19:54:35.629	Custom indicator Stochastic-RSI EURUSD,H4: loaded successfully
0	19:54:40.508	Stochastic-RSI EURUSD,H4: initialized
0	20:51:02.535	Stochastic-RSI EURUSD,H4: uninit reason 9
0	20:51:02.614	Custom indicator Stochastic-RSI EURUSD,H4: removed
